# WPS
#./pywrf.py wps -t make_new_run -o run_OSSE
#./pywrf.py wps -t make_namelist -s 2012102518 -e 2012102818 -i 10800 -o run_OSSE
#./pywrf.py wps -t geogrid -o run_OSSE
#./pywrf.py wps -t ungrib -o run_OSSE
#./pywrf.py wps -t metgrid -o run_OSSE
## real
#./pywrf.py wrf -t make_new_run -o run_OSSE
#./pywrf.py wrf -t make_namelist -s 2012102600 -r 3 -i 10800 -o run_OSSE --inputout_interval 180
#./pywrf.py wrf -t make_real_srun -o run_OSSE
#./pywrf.py wrf -t real -o run_OSSE
#./pywrf.py wrf -t make_namelist -s 2012102603 -r 3 -i 10800 -o run_OSSE --inputout_interval 180
#./pywrf.py wrf -t make_real_srun -o run_OSSE
#./pywrf.py wrf -t real -o run_OSSE
#./pywrf.py wrf -t make_namelist -s 2012102606 -r 3 -i 10800 -o run_OSSE --inputout_interval 180
#./pywrf.py wrf -t make_real_srun -o run_OSSE
#./pywrf.py wrf -t real -o run_OSSE
#./pywrf.py wrf -t make_namelist -s 2012102609 -r 3 -i 10800 -o run_OSSE --inputout_interval 180
#./pywrf.py wrf -t make_real_srun -o run_OSSE
#./pywrf.py wrf -t real -o run_OSSE
#./pywrf.py wrf -t make_namelist -s 2012102612 -r 54 -i 10800 -o run_OSSE --inputout_interval 180
#./pywrf.py wrf -t make_real_srun -o run_OSSE
#./pywrf.py wrf -t real -o run_OSSE
#./pywrf.py wrf -t make_namelist -s 2012102518 -r 6 -i 21600 -o run_OSSE
#./pywrf.py wrf -t make_real_srun -o run_OSSE
#./pywrf.py wrf -t real -o run_OSSE
## wrf 2012102518 -> 2012102600
#./pywrf.py wrf -t make_namelist -s 2012102518 -r 6 -i 10800 -o run_OSSE \
				   #--history_interval 180 --inputout_interval 180 --inputout_begin_h 3
#./pywrf.py wrf -t make_wrf_srun -o run_OSSE
#./pywrf.py wrf -t wrf -o run_OSSE
# gsi
./pywrf.py gsi -t make_new_run -o run_OSSE
==================================
Start running PyWRF...
----------------------------------
Arguments: Namespace(ana=None, cold=False, mode='gsi', task='make_new_run', window=None, workdir='run_OSSE')
Running mode: gsi
Running task: make_new_run
----------------------------------
RUN_NAME: run_OSSE
----------------------------------
PATH:
PYWRF_ROOT: /home/fzhu/Scripts/PyWRF
WPS_ROOT: /data/users/fzhu/Tools/WRF-3.6.1/WPS
WRF_ROOT: /data/users/fzhu/Tools/WRF-3.6.1/WRFV3
WRFDA_ROOT: /data/users/fzhu/Tools/WRF-3.6.1/WRFDA
GSI_ROOT: /data/users/fzhu/Tools/comGSI_v3
==================================
Start running GSI...
Task: make_new_run
WORK_ROOT: /data/users/fzhu/Tools/comGSI_v3/run_OSSE
./pywrf.py gsi -t make_script -a 2012102600 -o run_OSSE
==================================
Start running PyWRF...
----------------------------------
Arguments: Namespace(ana='2012102600', cold=False, mode='gsi', task='make_script', window=None, workdir='run_OSSE')
Running mode: gsi
Running task: make_script
----------------------------------
RUN_NAME: run_OSSE
----------------------------------
PATH:
PYWRF_ROOT: /home/fzhu/Scripts/PyWRF
WPS_ROOT: /data/users/fzhu/Tools/WRF-3.6.1/WPS
WRF_ROOT: /data/users/fzhu/Tools/WRF-3.6.1/WRFV3
WRFDA_ROOT: /data/users/fzhu/Tools/WRF-3.6.1/WRFDA
GSI_ROOT: /data/users/fzhu/Tools/comGSI_v3
==================================
Start running GSI...
Task: make_script
WORK_ROOT: /data/users/fzhu/Tools/comGSI_v3/run_OSSE
COLD: False
/data/users/fzhu/Tools/WRF-3.6.1/WRFV3/run_OSSE/wrfvar_input_d01_2012-10-26_00:00:00
./pywrf.py gsi -t gsi -o run_OSSE
Submitted batch job 88692
make: *** [osse] Terminated
